<?xml version="1.0" encoding="UTF-8" ?>
<testsuite tests="3" failures="0" name="OrmTest" time="0.37" errors="0" skipped="2">
  <properties>
[...]
</properties>
  <testcase classname="OrmTest" name="test" time="0.162">
    <skipped/>
    <system-err>ʮ�� 24, 2018 3:24:59 ���� org.springframework.test.context.support.AbstractTestContextBootstrapper getDefaultTestExecutionListenerClassNames
��Ϣ: Loaded default TestExecutionListener class names from location [META-INF/spring.factories]: [org.springframework.test.context.web.ServletTestExecutionListener, org.springframework.test.context.support.DirtiesContextBeforeModesTestExecutionListener, org.springframework.test.context.support.DependencyInjectionTestExecutionListener, org.springframework.test.context.support.DirtiesContextTestExecutionListener, org.springframework.test.context.transaction.TransactionalTestExecutionListener, org.springframework.test.context.jdbc.SqlScriptsTestExecutionListener]
ʮ�� 24, 2018 3:24:59 ���� org.springframework.test.context.support.AbstractTestContextBootstrapper instantiateListeners
��Ϣ: Could not instantiate TestExecutionListener [org.springframework.test.context.web.ServletTestExecutionListener]. Specify custom listener classes or make the default listener classes (and their required dependencies) available. Offending class: [javax/servlet/ServletContext]
ʮ�� 24, 2018 3:24:59 ���� org.springframework.test.context.support.AbstractTestContextBootstrapper getTestExecutionListeners
��Ϣ: Using TestExecutionListeners: [org.springframework.test.context.support.DirtiesContextBeforeModesTestExecutionListener@146ba0ac, org.springframework.test.context.support.DependencyInjectionTestExecutionListener@4dfa3a9d, org.springframework.test.context.support.DirtiesContextTestExecutionListener@6eebc39e, org.springframework.test.context.transaction.TransactionalTestExecutionListener@464bee09, org.springframework.test.context.jdbc.SqlScriptsTestExecutionListener@f6c48ac]
</system-err>
  </testcase>
  <testcase classname="OrmTest" name="testInsert" time="0.104"/>
  <testcase classname="OrmTest" name="testSelect" time="0.104">
    <skipped/>
  </testcase>
</testsuite>